2022-07-26 07:16:33 [org.springframework.boot.StartupInfoLogger:55] - Starting DemoApplication using Java 1.8.0_332 on 94e095db8ea8 with PID 28799 (/workspaces/demo/target/classes started by vscode in /workspaces/demo)
2022-07-26 07:16:33 [org.springframework.boot.SpringApplication:634] - No active profile set, falling back to 1 default profile: "default"
2022-07-26 07:16:34 [org.springframework.boot.web.embedded.tomcat.TomcatWebServer:108] - Tomcat initialized with port(s): 8080 (http)
2022-07-26 07:16:34 [org.apache.juli.logging.DirectJDKLog:173] - Initializing ProtocolHandler ["http-nio-8080"]
2022-07-26 07:16:34 [org.apache.juli.logging.DirectJDKLog:173] - Starting service [Tomcat]
2022-07-26 07:16:34 [org.apache.juli.logging.DirectJDKLog:173] - Starting Servlet engine: [Apache Tomcat/9.0.65]
2022-07-26 07:16:35 [org.apache.juli.logging.DirectJDKLog:173] - Initializing Spring embedded WebApplicationContext
2022-07-26 07:16:35 [org.springframework.boot.web.servlet.context.ServletWebServerApplicationContext:292] - Root WebApplicationContext: initialization completed in 1698 ms
2022-07-26 07:16:35 [org.apache.juli.logging.DirectJDKLog:173] - Starting ProtocolHandler ["http-nio-8080"]
2022-07-26 07:16:35 [org.springframework.boot.web.embedded.tomcat.TomcatWebServer:220] - Tomcat started on port(s): 8080 (http) with context path '/demo'
2022-07-26 07:16:35 [org.springframework.boot.StartupInfoLogger:61] - Started DemoApplication in 3.526 seconds (JVM running for 3.907)
2022-07-26 07:17:29 [org.springframework.boot.StartupInfoLogger:55] - Starting DemoApplication using Java 1.8.0_332 on 94e095db8ea8 with PID 29530 (/workspaces/demo/target/classes started by vscode in /workspaces/demo)
2022-07-26 07:17:29 [org.springframework.boot.SpringApplication:634] - No active profile set, falling back to 1 default profile: "default"
2022-07-26 07:17:30 [org.springframework.boot.web.embedded.tomcat.TomcatWebServer:108] - Tomcat initialized with port(s): 8080 (http)
2022-07-26 07:17:30 [org.apache.juli.logging.DirectJDKLog:173] - Initializing ProtocolHandler ["http-nio-8080"]
2022-07-26 07:17:30 [org.apache.juli.logging.DirectJDKLog:173] - Starting service [Tomcat]
2022-07-26 07:17:30 [org.apache.juli.logging.DirectJDKLog:173] - Starting Servlet engine: [Apache Tomcat/9.0.65]
2022-07-26 07:17:30 [org.apache.juli.logging.DirectJDKLog:173] - Initializing Spring embedded WebApplicationContext
2022-07-26 07:17:30 [org.springframework.boot.web.servlet.context.ServletWebServerApplicationContext:292] - Root WebApplicationContext: initialization completed in 1685 ms
2022-07-26 07:17:31 [org.apache.juli.logging.DirectJDKLog:173] - Starting ProtocolHandler ["http-nio-8080"]
2022-07-26 07:17:31 [org.springframework.boot.web.embedded.tomcat.TomcatWebServer:220] - Tomcat started on port(s): 8080 (http) with context path '/demo'
2022-07-26 07:17:31 [org.springframework.boot.StartupInfoLogger:61] - Started DemoApplication in 3.52 seconds (JVM running for 3.876)
